<?xml version="1.0" encoding="UTF-8"?>
<!-- Generated by org.testng.reporters.JUnitXMLReporter -->
<testsuite ignored="1" hostname="Ivankas-MacBook-Pro.local" failures="0" tests="2" name="Default test" time="22.448" errors="0" timestamp="2020-01-26T00:53:40 CST">
  <testcase classname="com.hrms.testcases.AddEmployeePageTest" name="addingMultipleEmployees" time="6.682"/>
  <testcase classname="com.hrms.testcases.AddEmployeePageTest" name="addingMultipleEmployees" time="6.879"/>
  <testcase classname="com.hrms.testcases.AddEmployeePageTest" name="addEmployeeValidation" time="0.0">
    <ignored/>
  </testcase> <!-- addEmployeeValidation -->
</testsuite> <!-- Default test -->
