<?xml version="1.0" encoding="UTF-8"?>
<!-- Generated by org.testng.reporters.JUnitXMLReporter -->
<testsuite ignored="2" hostname="Ivankas-MacBook-Pro.local" failures="0" tests="1" name="Smoke Test" time="8.011" errors="0" timestamp="2020-01-19T11:50:10 CST">
  <testcase classname="com.hrms.testcases.LoginPageTest" name="login" time="4.866"/>
  <testcase classname="com.hrms.testcases.LeaveListPageTest" name="leaveLabelValidation" time="0.0">
    <ignored/>
  </testcase> <!-- leaveLabelValidation -->
  <testcase classname="com.hrms.testcases.LoginPageTest" name="negativeLogin" time="0.0">
    <ignored/>
  </testcase> <!-- negativeLogin -->
</testsuite> <!-- Smoke Test -->
