<?xml version="1.0" encoding="UTF-8"?>
<!-- Generated by org.testng.reporters.JUnitXMLReporter -->
<testsuite ignored="14" hostname="Ivankas-MacBook-Pro.local" failures="0" tests="9" name="Regression Test" time="69.144" errors="0" timestamp="2020-01-26T01:02:26 CST">
  <testcase classname="com.hrms.testcases.AddEmployeePageTestExcel" name="addMultipleEmpoyee" time="8.021"/>
  <testcase classname="com.hrms.testcases.AddEmployeePageTestExcel" name="addMultipleEmpoyee" time="7.62"/>
  <testcase classname="com.hrms.testcases.LeaveListPageTest" name="leaveLabelValidation" time="4.537"/>
  <testcase classname="com.hrms.testcases.LeaveListPageTest" name="leaveLabelValidation1" time="4.297"/>
  <testcase classname="com.hrms.testcases.AddEmployeePageTest" name="addingMultipleEmployees" time="6.528"/>
  <testcase classname="com.hrms.testcases.AddEmployeePageTest" name="addingMultipleEmployees" time="6.528"/>
  <testcase classname="com.hrms.testcases.LoginPageTest2" name="syntaxLoginPageValidation" time="3.096"/>
  <testcase classname="com.hrms.testcases.LoginPageTest" name="negativeLogin" time="0.263"/>
  <testcase classname="com.hrms.testcases.LoginpageTest3" name="syntaxLoginPageValidation" time="3.189"/>
  <testcase classname="com.hrms.testcases.AddEmployeePageTest" name="addEmployeeValidation" time="0.0">
    <ignored/>
  </testcase> <!-- addEmployeeValidation -->
  <testcase classname="com.hrms.testbase.BaseClass" name="@BeforeTest generateReports" time="0.0">
    <ignored/>
  </testcase> <!-- @BeforeTest generateReports -->
  <testcase classname="com.hrms.testbase.BaseClass" name="@BeforeTest generateReports" time="0.0">
    <ignored/>
  </testcase> <!-- @BeforeTest generateReports -->
  <testcase classname="com.hrms.testbase.BaseClass" name="@BeforeTest generateReports" time="0.0">
    <ignored/>
  </testcase> <!-- @BeforeTest generateReports -->
  <testcase classname="com.hrms.testbase.BaseClass" name="@BeforeTest generateReports" time="0.0">
    <ignored/>
  </testcase> <!-- @BeforeTest generateReports -->
  <testcase classname="com.hrms.testbase.BaseClass" name="@BeforeTest generateReports" time="0.0">
    <ignored/>
  </testcase> <!-- @BeforeTest generateReports -->
  <testcase classname="com.hrms.testcases.LoginPageTest" name="multipleLogin" time="0.0">
    <ignored/>
  </testcase> <!-- multipleLogin -->
  <testcase classname="com.hrms.testcases.LoginPageTest" name="syntaxLoginPageValidation" time="0.0">
    <ignored/>
  </testcase> <!-- syntaxLoginPageValidation -->
  <testcase classname="com.hrms.testcases.LoginPageTest" name="login" time="0.0">
    <ignored/>
  </testcase> <!-- login -->
  <testcase classname="com.hrms.testbase.BaseClass" name="@AfterTest writeReport" time="0.0">
    <ignored/>
  </testcase> <!-- @AfterTest writeReport -->
  <testcase classname="com.hrms.testbase.BaseClass" name="@AfterTest writeReport" time="0.0">
    <ignored/>
  </testcase> <!-- @AfterTest writeReport -->
  <testcase classname="com.hrms.testbase.BaseClass" name="@AfterTest writeReport" time="0.0">
    <ignored/>
  </testcase> <!-- @AfterTest writeReport -->
  <testcase classname="com.hrms.testbase.BaseClass" name="@AfterTest writeReport" time="0.0">
    <ignored/>
  </testcase> <!-- @AfterTest writeReport -->
  <testcase classname="com.hrms.testbase.BaseClass" name="@AfterTest writeReport" time="0.0">
    <ignored/>
  </testcase> <!-- @AfterTest writeReport -->
</testsuite> <!-- Regression Test -->
