<?xml version="1.0" encoding="UTF-8"?>
<!-- Generated by org.testng.reporters.JUnitXMLReporter -->
<testsuite ignored="1" hostname="Ivankas-MacBook-Pro.local" failures="0" tests="2" name="Test" time="11.306" errors="0" timestamp="2020-01-19T11:45:32 CST">
  <testcase classname="com.hrms.testcases.LeaveListPageTest" name="leaveLabelValidation" time="6.105"/>
  <testcase classname="com.hrms.testcases.LoginPageTest" name="negativeLogin" time="0.256"/>
  <testcase classname="com.hrms.testcases.LoginPageTest" name="login" time="0.0">
    <ignored/>
  </testcase> <!-- login -->
</testsuite> <!-- Test -->
