<?xml version="1.0" encoding="UTF-8"?>
<testng-results ignored="14" total="23" passed="9" failed="0" skipped="0">
  <reporter-output>
  </reporter-output>
  <suite started-at="2020-01-26T01:01:16 CST" name="Regression Suite" finished-at="2020-01-26T01:02:26 CST" duration-ms="69144">
    <groups>
      <group name="regression">
        <method signature="AddEmployeePageTest.addingMultipleEmployees(java.lang.String, java.lang.String, java.lang.String)[pri:0, instance:com.hrms.testcases.AddEmployeePageTest@7f1302d6]" name="addingMultipleEmployees" class="com.hrms.testcases.AddEmployeePageTest"/>
        <method signature="AddEmployeePageTestExcel.addMultipleEmpoyee(java.lang.String, java.lang.String, java.lang.String)[pri:0, instance:com.hrms.testcases.AddEmployeePageTestExcel@2133814f]" name="addMultipleEmpoyee" class="com.hrms.testcases.AddEmployeePageTestExcel"/>
        <method signature="LeaveListPageTest.leaveLabelValidation()[pri:0, instance:com.hrms.testcases.LeaveListPageTest@75f32542]" name="leaveLabelValidation" class="com.hrms.testcases.LeaveListPageTest"/>
        <method signature="LeaveListPageTest.leaveLabelValidation1()[pri:0, instance:com.hrms.testcases.LeaveListPageTest@75f32542]" name="leaveLabelValidation1" class="com.hrms.testcases.LeaveListPageTest"/>
        <method signature="LoginPageTest.negativeLogin()[pri:0, instance:com.hrms.testcases.LoginPageTest@23529fee]" name="negativeLogin" class="com.hrms.testcases.LoginPageTest"/>
        <method signature="LoginPageTest2.syntaxLoginPageValidation()[pri:0, instance:com.hrms.testcases.LoginPageTest2@43ee72e6]" name="syntaxLoginPageValidation" class="com.hrms.testcases.LoginPageTest2"/>
        <method signature="LoginpageTest3.syntaxLoginPageValidation()[pri:0, instance:com.hrms.testcases.LoginpageTest3@4fe767f3]" name="syntaxLoginPageValidation" class="com.hrms.testcases.LoginpageTest3"/>
      </group> <!-- regression -->
    </groups>
    <test started-at="2020-01-26T01:01:16 CST" name="Regression Test" finished-at="2020-01-26T01:02:26 CST" duration-ms="69144">
      <class name="com.hrms.testcases.LoginPageTest2">
        <test-method is-config="true" signature="setUp()[pri:0, instance:com.hrms.testcases.LoginPageTest2@43ee72e6]" started-at="2020-01-26T01:02:11 CST" name="setUp" finished-at="2020-01-26T01:02:13 CST" duration-ms="2083" status="PASS">
          <reporter-output>
          </reporter-output>
        </test-method> <!-- setUp -->
        <test-method signature="syntaxLoginPageValidation()[pri:0, instance:com.hrms.testcases.LoginPageTest2@43ee72e6]" started-at="2020-01-26T01:02:13 CST" name="syntaxLoginPageValidation" finished-at="2020-01-26T01:02:16 CST" duration-ms="3096" status="PASS">
          <reporter-output>
          </reporter-output>
        </test-method> <!-- syntaxLoginPageValidation -->
        <test-method is-config="true" signature="tearDown()[pri:0, instance:com.hrms.testcases.LoginPageTest2@43ee72e6]" started-at="2020-01-26T01:02:17 CST" name="tearDown" finished-at="2020-01-26T01:02:17 CST" duration-ms="91" status="PASS">
          <reporter-output>
          </reporter-output>
        </test-method> <!-- tearDown -->
      </class> <!-- com.hrms.testcases.LoginPageTest2 -->
      <class name="com.hrms.testcases.AddEmployeePageTestExcel">
        <test-method is-config="true" signature="generateReports()[pri:0, instance:com.hrms.testcases.AddEmployeePageTestExcel@2133814f]" started-at="2020-01-26T01:01:16 CST" name="generateReports" finished-at="2020-01-26T01:01:17 CST" duration-ms="124" status="PASS">
          <reporter-output>
          </reporter-output>
        </test-method> <!-- generateReports -->
        <test-method is-config="true" signature="setUp()[pri:0, instance:com.hrms.testcases.AddEmployeePageTestExcel@2133814f]" started-at="2020-01-26T01:01:17 CST" name="setUp" finished-at="2020-01-26T01:01:20 CST" duration-ms="2690" status="PASS">
          <reporter-output>
          </reporter-output>
        </test-method> <!-- setUp -->
        <test-method signature="addMultipleEmpoyee(java.lang.String, java.lang.String, java.lang.String)[pri:0, instance:com.hrms.testcases.AddEmployeePageTestExcel@2133814f]" started-at="2020-01-26T01:01:20 CST" name="addMultipleEmpoyee" data-provider="getData" finished-at="2020-01-26T01:01:28 CST" duration-ms="8021" status="PASS">
          <params>
            <param index="0">
              <value>
                <![CDATA[John]]>
              </value>
            </param>
            <param index="1">
              <value>
                <![CDATA[Jr]]>
              </value>
            </param>
            <param index="2">
              <value>
                <![CDATA[Smith]]>
              </value>
            </param>
          </params>
          <reporter-output>
          </reporter-output>
        </test-method> <!-- addMultipleEmpoyee -->
        <test-method is-config="true" signature="tearDown()[pri:0, instance:com.hrms.testcases.AddEmployeePageTestExcel@2133814f]" started-at="2020-01-26T01:01:28 CST" name="tearDown" finished-at="2020-01-26T01:01:28 CST" duration-ms="101" status="PASS">
          <reporter-output>
          </reporter-output>
        </test-method> <!-- tearDown -->
        <test-method is-config="true" signature="setUp()[pri:0, instance:com.hrms.testcases.AddEmployeePageTestExcel@2133814f]" started-at="2020-01-26T01:01:28 CST" name="setUp" finished-at="2020-01-26T01:01:31 CST" duration-ms="2310" status="PASS">
          <reporter-output>
          </reporter-output>
        </test-method> <!-- setUp -->
        <test-method signature="addMultipleEmpoyee(java.lang.String, java.lang.String, java.lang.String)[pri:0, instance:com.hrms.testcases.AddEmployeePageTestExcel@2133814f]" started-at="2020-01-26T01:01:31 CST" name="addMultipleEmpoyee" data-provider="getData" finished-at="2020-01-26T01:01:38 CST" duration-ms="7620" status="PASS">
          <params>
            <param index="0">
              <value>
                <![CDATA[Ava]]>
              </value>
            </param>
            <param index="1">
              <value>
                <![CDATA[Lyhn]]>
              </value>
            </param>
            <param index="2">
              <value>
                <![CDATA[Martinez]]>
              </value>
            </param>
          </params>
          <reporter-output>
          </reporter-output>
        </test-method> <!-- addMultipleEmpoyee -->
        <test-method is-config="true" signature="tearDown()[pri:0, instance:com.hrms.testcases.AddEmployeePageTestExcel@2133814f]" started-at="2020-01-26T01:01:39 CST" name="tearDown" finished-at="2020-01-26T01:01:39 CST" duration-ms="99" status="PASS">
          <reporter-output>
          </reporter-output>
        </test-method> <!-- tearDown -->
        <test-method is-config="true" signature="writeReport()[pri:0, instance:com.hrms.testcases.AddEmployeePageTestExcel@2133814f]" started-at="2020-01-26T01:02:25 CST" name="writeReport" finished-at="2020-01-26T01:02:26 CST" duration-ms="377" status="PASS">
          <reporter-output>
          </reporter-output>
        </test-method> <!-- writeReport -->
      </class> <!-- com.hrms.testcases.AddEmployeePageTestExcel -->
      <class name="com.hrms.testcases.LoginpageTest3">
        <test-method is-config="true" signature="setUp()[pri:0, instance:com.hrms.testcases.LoginpageTest3@4fe767f3]" started-at="2020-01-26T01:02:20 CST" name="setUp" finished-at="2020-01-26T01:02:22 CST" duration-ms="1820" status="PASS">
          <reporter-output>
          </reporter-output>
        </test-method> <!-- setUp -->
        <test-method signature="syntaxLoginPageValidation()[pri:0, instance:com.hrms.testcases.LoginpageTest3@4fe767f3]" started-at="2020-01-26T01:02:22 CST" name="syntaxLoginPageValidation" finished-at="2020-01-26T01:02:25 CST" duration-ms="3189" status="PASS">
          <reporter-output>
          </reporter-output>
        </test-method> <!-- syntaxLoginPageValidation -->
        <test-method is-config="true" signature="tearDown()[pri:0, instance:com.hrms.testcases.LoginpageTest3@4fe767f3]" started-at="2020-01-26T01:02:25 CST" name="tearDown" finished-at="2020-01-26T01:02:25 CST" duration-ms="92" status="PASS">
          <reporter-output>
          </reporter-output>
        </test-method> <!-- tearDown -->
      </class> <!-- com.hrms.testcases.LoginpageTest3 -->
      <class name="com.hrms.testcases.AddEmployeePageTest">
        <test-method is-config="true" signature="setUp()[pri:0, instance:com.hrms.testcases.AddEmployeePageTest@7f1302d6]" started-at="2020-01-26T01:01:53 CST" name="setUp" finished-at="2020-01-26T01:01:55 CST" duration-ms="1839" status="PASS">
          <reporter-output>
          </reporter-output>
        </test-method> <!-- setUp -->
        <test-method signature="addingMultipleEmployees(java.lang.String, java.lang.String, java.lang.String)[pri:0, instance:com.hrms.testcases.AddEmployeePageTest@7f1302d6]" started-at="2020-01-26T01:01:55 CST" name="addingMultipleEmployees" data-provider="getData" finished-at="2020-01-26T01:02:01 CST" duration-ms="6528" status="PASS">
          <params>
            <param index="0">
              <value>
                <![CDATA[John]]>
              </value>
            </param>
            <param index="1">
              <value>
                <![CDATA[Jr]]>
              </value>
            </param>
            <param index="2">
              <value>
                <![CDATA[Smith]]>
              </value>
            </param>
          </params>
          <reporter-output>
          </reporter-output>
        </test-method> <!-- addingMultipleEmployees -->
        <test-method is-config="true" signature="tearDown()[pri:0, instance:com.hrms.testcases.AddEmployeePageTest@7f1302d6]" started-at="2020-01-26T01:02:02 CST" name="tearDown" finished-at="2020-01-26T01:02:02 CST" duration-ms="92" status="PASS">
          <reporter-output>
          </reporter-output>
        </test-method> <!-- tearDown -->
        <test-method is-config="true" signature="setUp()[pri:0, instance:com.hrms.testcases.AddEmployeePageTest@7f1302d6]" started-at="2020-01-26T01:02:02 CST" name="setUp" finished-at="2020-01-26T01:02:04 CST" duration-ms="2120" status="PASS">
          <reporter-output>
          </reporter-output>
        </test-method> <!-- setUp -->
        <test-method signature="addingMultipleEmployees(java.lang.String, java.lang.String, java.lang.String)[pri:0, instance:com.hrms.testcases.AddEmployeePageTest@7f1302d6]" started-at="2020-01-26T01:02:04 CST" name="addingMultipleEmployees" data-provider="getData" finished-at="2020-01-26T01:02:11 CST" duration-ms="6528" status="PASS">
          <params>
            <param index="0">
              <value>
                <![CDATA[Ava]]>
              </value>
            </param>
            <param index="1">
              <value>
                <![CDATA[Lyhn]]>
              </value>
            </param>
            <param index="2">
              <value>
                <![CDATA[Martinez]]>
              </value>
            </param>
          </params>
          <reporter-output>
          </reporter-output>
        </test-method> <!-- addingMultipleEmployees -->
        <test-method is-config="true" signature="tearDown()[pri:0, instance:com.hrms.testcases.AddEmployeePageTest@7f1302d6]" started-at="2020-01-26T01:02:11 CST" name="tearDown" finished-at="2020-01-26T01:02:11 CST" duration-ms="100" status="PASS">
          <reporter-output>
          </reporter-output>
        </test-method> <!-- tearDown -->
      </class> <!-- com.hrms.testcases.AddEmployeePageTest -->
      <class name="com.hrms.testcases.LoginPageTest">
        <test-method is-config="true" signature="setUp()[pri:0, instance:com.hrms.testcases.LoginPageTest@23529fee]" started-at="2020-01-26T01:02:17 CST" name="setUp" finished-at="2020-01-26T01:02:19 CST" duration-ms="1857" status="PASS">
          <reporter-output>
          </reporter-output>
        </test-method> <!-- setUp -->
        <test-method signature="negativeLogin()[pri:0, instance:com.hrms.testcases.LoginPageTest@23529fee]" started-at="2020-01-26T01:02:19 CST" name="negativeLogin" finished-at="2020-01-26T01:02:19 CST" duration-ms="263" status="PASS">
          <reporter-output>
          </reporter-output>
        </test-method> <!-- negativeLogin -->
        <test-method is-config="true" signature="tearDown()[pri:0, instance:com.hrms.testcases.LoginPageTest@23529fee]" started-at="2020-01-26T01:02:20 CST" name="tearDown" finished-at="2020-01-26T01:02:20 CST" duration-ms="82" status="PASS">
          <reporter-output>
          </reporter-output>
        </test-method> <!-- tearDown -->
      </class> <!-- com.hrms.testcases.LoginPageTest -->
      <class name="com.hrms.testcases.LeaveListPageTest">
        <test-method is-config="true" signature="setUp()[pri:0, instance:com.hrms.testcases.LeaveListPageTest@75f32542]" started-at="2020-01-26T01:01:39 CST" name="setUp" finished-at="2020-01-26T01:01:41 CST" duration-ms="2271" status="PASS">
          <reporter-output>
          </reporter-output>
        </test-method> <!-- setUp -->
        <test-method signature="leaveLabelValidation()[pri:0, instance:com.hrms.testcases.LeaveListPageTest@75f32542]" started-at="2020-01-26T01:01:41 CST" name="leaveLabelValidation" finished-at="2020-01-26T01:01:46 CST" duration-ms="4537" status="PASS">
          <reporter-output>
          </reporter-output>
        </test-method> <!-- leaveLabelValidation -->
        <test-method is-config="true" signature="tearDown()[pri:0, instance:com.hrms.testcases.LeaveListPageTest@75f32542]" started-at="2020-01-26T01:01:46 CST" name="tearDown" finished-at="2020-01-26T01:01:46 CST" duration-ms="90" status="PASS">
          <reporter-output>
          </reporter-output>
        </test-method> <!-- tearDown -->
        <test-method is-config="true" signature="setUp()[pri:0, instance:com.hrms.testcases.LeaveListPageTest@75f32542]" started-at="2020-01-26T01:01:46 CST" name="setUp" finished-at="2020-01-26T01:01:48 CST" duration-ms="1858" status="PASS">
          <reporter-output>
          </reporter-output>
        </test-method> <!-- setUp -->
        <test-method signature="leaveLabelValidation1()[pri:0, instance:com.hrms.testcases.LeaveListPageTest@75f32542]" started-at="2020-01-26T01:01:48 CST" name="leaveLabelValidation1" finished-at="2020-01-26T01:01:52 CST" duration-ms="4297" status="PASS">
          <reporter-output>
          </reporter-output>
        </test-method> <!-- leaveLabelValidation1 -->
        <test-method is-config="true" signature="tearDown()[pri:0, instance:com.hrms.testcases.LeaveListPageTest@75f32542]" started-at="2020-01-26T01:01:53 CST" name="tearDown" finished-at="2020-01-26T01:01:53 CST" duration-ms="88" status="PASS">
          <reporter-output>
          </reporter-output>
        </test-method> <!-- tearDown -->
      </class> <!-- com.hrms.testcases.LeaveListPageTest -->
    </test> <!-- Regression Test -->
  </suite> <!-- Regression Suite -->
</testng-results>
